app/build/outputs/logs/manifest-merger-debug-report.txt
-- Merging decision tree log ---
manifest
ADDED from src/main/AndroidManifest.xml:2:1-39:12
	package
		ADDED from src/main/AndroidManifest.xml:3:5-47
		INJECTED from src/main/AndroidManifest.xml
		INJECTED from src/main/AndroidManifest.xml
	android:versionName
		ADDED from src/main/AndroidManifest.xml:5:5-30
		INJECTED from src/main/AndroidManifest.xml
		INJECTED from src/main/AndroidManifest.xml
	android:versionCode
		ADDED from src/main/AndroidManifest.xml:4:5-28
		INJECTED from src/main/AndroidManifest.xml
		INJECTED from src/main/AndroidManifest.xml
	xmlns:android
		ADDED from src/main/AndroidManifest.xml:2:11-69
uses-sdk
ADDED from src/main/AndroidManifest.xml:7:5-9:41
MERGED from [com.google.android.gms:play-services-gcm:7.5.0] AndroidManifest.xml:18:5-42
MERGED from [com.google.android.gms:play-services-base:7.5.0] AndroidManifest.xml:18:5-42
MERGED from [com.android.support:support-v4:22.2.0] AndroidManifest.xml:20:5-43
MERGED from [io.smooch:core:2.1.3] AndroidManifest.xml:7:5-9:41
MERGED from [io.smooch:ui:2.1.3] AndroidManifest.xml:7:5-9:41
MERGED from [io.smooch:core:2.1.3] AndroidManifest.xml:7:5-9:41
MERGED from [com.android.support:appcompat-v7:22.2.0] AndroidManifest.xml:20:5-43
MERGED from [com.android.support:support-v4:22.2.0] AndroidManifest.xml:20:5-43
	android:targetSdkVersion
		ADDED from src/main/AndroidManifest.xml:9:9-38
		INJECTED from src/main/AndroidManifest.xml
		INJECTED from src/main/AndroidManifest.xml
	android:minSdkVersion
		ADDED from src/main/AndroidManifest.xml:8:9-35
		INJECTED from src/main/AndroidManifest.xml
		INJECTED from src/main/AndroidManifest.xml
uses-permission#android.permission.BLUETOOTH
ADDED from src/main/AndroidManifest.xml:11:5-68
	android:name
		ADDED from src/main/AndroidManifest.xml:11:22-65
uses-permission#com.microsoft.band.service.access.BIND_BAND_SERVICE
ADDED from src/main/AndroidManifest.xml:12:5-91
	android:name
		ADDED from src/main/AndroidManifest.xml:12:22-88
android:uses-permission#android.permission.WRITE_EXTERNAL_STORAGE
ADDED from src/main/AndroidManifest.xml:14:5-89
	android:name
		ADDED from src/main/AndroidManifest.xml:14:30-86
android:uses-permission#android.permission.READ_PHONE_STATE
ADDED from src/main/AndroidManifest.xml:15:5-83
	android:name
		ADDED from src/main/AndroidManifest.xml:15:30-80
android:uses-permission#android.permission.READ_EXTERNAL_STORAGE
ADDED from src/main/AndroidManifest.xml:16:5-88
	android:name
		ADDED from src/main/AndroidManifest.xml:16:30-85
application
ADDED from src/main/AndroidManifest.xml:18:5-37:19
MERGED from [com.google.android.gms:play-services-gcm:7.5.0] AndroidManifest.xml:19:5-20
MERGED from [com.google.android.gms:play-services-base:7.5.0] AndroidManifest.xml:20:5-24:19
MERGED from [com.android.support:support-v4:22.2.0] AndroidManifest.xml:22:5-20
MERGED from [io.smooch:core:2.1.3] AndroidManifest.xml:15:5-36:19
MERGED from [io.smooch:ui:2.1.3] AndroidManifest.xml:15:5-29:19
MERGED from [io.smooch:core:2.1.3] AndroidManifest.xml:15:5-36:19
MERGED from [com.android.support:appcompat-v7:22.2.0] AndroidManifest.xml:22:5-20
MERGED from [com.android.support:support-v4:22.2.0] AndroidManifest.xml:22:5-20
	android:label
		ADDED from src/main/AndroidManifest.xml:22:9-41
	android:allowBackup
		ADDED from src/main/AndroidManifest.xml:20:9-35
	android:icon
		ADDED from src/main/AndroidManifest.xml:21:9-45
	android:theme
		ADDED from src/main/AndroidManifest.xml:23:9-40
	android:name
		ADDED from src/main/AndroidManifest.xml:19:9-34
activity#com.microsoft.band.sdk.heartrate.BandHeartRateAppActivity
ADDED from src/main/AndroidManifest.xml:24:9-33:20
	android:screenOrientation
		ADDED from src/main/AndroidManifest.xml:27:13-49
	android:label
		ADDED from src/main/AndroidManifest.xml:26:13-45
	android:name
		ADDED from src/main/AndroidManifest.xml:25:13-53
intent-filter#android.intent.action.MAIN+android.intent.category.LAUNCHER
ADDED from src/main/AndroidManifest.xml:28:13-32:29
action#android.intent.action.MAIN
ADDED from src/main/AndroidManifest.xml:29:17-69
	android:name
		ADDED from src/main/AndroidManifest.xml:29:25-66
category#android.intent.category.LAUNCHER
ADDED from src/main/AndroidManifest.xml:31:17-77
	android:name
		ADDED from src/main/AndroidManifest.xml:31:27-74
activity#com.microsoft.band.sdk.heartrate.SetupActivity
ADDED from src/main/AndroidManifest.xml:34:9-36:69
	android:label
		ADDED from src/main/AndroidManifest.xml:36:13-57
	android:name
		ADDED from src/main/AndroidManifest.xml:35:13-42
meta-data#com.google.android.gms.version
ADDED from [com.google.android.gms:play-services-base:7.5.0] AndroidManifest.xml:21:9-23:69
	android:value
		ADDED from [com.google.android.gms:play-services-base:7.5.0] AndroidManifest.xml:23:13-66
	android:name
		ADDED from [com.google.android.gms:play-services-base:7.5.0] AndroidManifest.xml:22:13-58
uses-permission#android.permission.ACCESS_NETWORK_STATE
ADDED from [io.smooch:core:2.1.3] AndroidManifest.xml:11:5-79
MERGED from [io.smooch:ui:2.1.3] AndroidManifest.xml:11:5-79
MERGED from [io.smooch:core:2.1.3] AndroidManifest.xml:11:5-79
	android:name
		ADDED from [io.smooch:core:2.1.3] AndroidManifest.xml:11:22-76
uses-permission#android.permission.INTERNET
ADDED from [io.smooch:core:2.1.3] AndroidManifest.xml:12:5-67
MERGED from [io.smooch:ui:2.1.3] AndroidManifest.xml:12:5-67
MERGED from [io.smooch:core:2.1.3] AndroidManifest.xml:12:5-67
	android:name
		ADDED from [io.smooch:core:2.1.3] AndroidManifest.xml:12:22-64
uses-permission#com.google.android.c2dm.permission.RECEIVE
ADDED from [io.smooch:core:2.1.3] AndroidManifest.xml:13:5-82
MERGED from [io.smooch:core:2.1.3] AndroidManifest.xml:13:5-82
	android:name
		ADDED from [io.smooch:core:2.1.3] AndroidManifest.xml:13:22-79
service#io.smooch.core.service.SmoochService
ADDED from [io.smooch:core:2.1.3] AndroidManifest.xml:16:9-18:40
MERGED from [io.smooch:core:2.1.3] AndroidManifest.xml:16:9-18:40
	android:exported
		ADDED from [io.smooch:core:2.1.3] AndroidManifest.xml:18:13-37
	android:name
		ADDED from [io.smooch:core:2.1.3] AndroidManifest.xml:17:13-64
service#io.smooch.core.GcmInstanceIDListenerService
ADDED from [io.smooch:core:2.1.3] AndroidManifest.xml:19:9-25:19
MERGED from [io.smooch:core:2.1.3] AndroidManifest.xml:19:9-25:19
	android:exported
		ADDED from [io.smooch:core:2.1.3] AndroidManifest.xml:21:13-37
	android:name
		ADDED from [io.smooch:core:2.1.3] AndroidManifest.xml:20:13-71
intent-filter#com.google.android.gms.iid.InstanceID
ADDED from [io.smooch:core:2.1.3] AndroidManifest.xml:22:13-24:29
action#com.google.android.gms.iid.InstanceID
ADDED from [io.smooch:core:2.1.3] AndroidManifest.xml:23:17-80
	android:name
		ADDED from [io.smooch:core:2.1.3] AndroidManifest.xml:23:25-77
service#io.smooch.core.GcmRegistrationIntentService
ADDED from [io.smooch:core:2.1.3] AndroidManifest.xml:26:9-28:40
MERGED from [io.smooch:core:2.1.3] AndroidManifest.xml:26:9-28:40
	android:exported
		ADDED from [io.smooch:core:2.1.3] AndroidManifest.xml:28:13-37
	android:name
		ADDED from [io.smooch:core:2.1.3] AndroidManifest.xml:27:13-71
service#io.smooch.core.GcmService
ADDED from [io.smooch:core:2.1.3] AndroidManifest.xml:29:9-35:19
MERGED from [io.smooch:core:2.1.3] AndroidManifest.xml:29:9-35:19
	android:exported
		ADDED from [io.smooch:core:2.1.3] AndroidManifest.xml:31:13-37
	android:name
		ADDED from [io.smooch:core:2.1.3] AndroidManifest.xml:30:13-53
intent-filter#com.google.android.c2dm.intent.RECEIVE
ADDED from [io.smooch:core:2.1.3] AndroidManifest.xml:32:13-34:29
action#com.google.android.c2dm.intent.RECEIVE
ADDED from [io.smooch:core:2.1.3] AndroidManifest.xml:33:17-81
	android:name
		ADDED from [io.smooch:core:2.1.3] AndroidManifest.xml:33:25-78
uses-permission#android.permission.VIBRATE
ADDED from [io.smooch:ui:2.1.3] AndroidManifest.xml:13:5-66
	android:name
		ADDED from [io.smooch:ui:2.1.3] AndroidManifest.xml:13:22-63
activity#io.smooch.ui.ConversationActivity
ADDED from [io.smooch:ui:2.1.3] AndroidManifest.xml:16:9-20:51
	android:label
		ADDED from [io.smooch:ui:2.1.3] AndroidManifest.xml:18:13-64
	android:launchMode
		ADDED from [io.smooch:ui:2.1.3] AndroidManifest.xml:19:13-44
	android:theme
		ADDED from [io.smooch:ui:2.1.3] AndroidManifest.xml:20:13-48
	android:name
		ADDED from [io.smooch:ui:2.1.3] AndroidManifest.xml:17:13-61
receiver#io.smooch.ui.notification.NotificationReceiver
ADDED from [io.smooch:ui:2.1.3] AndroidManifest.xml:22:9-28:20
	android:exported
		ADDED from [io.smooch:ui:2.1.3] AndroidManifest.xml:24:13-37
	android:name
		ADDED from [io.smooch:ui:2.1.3] AndroidManifest.xml:23:13-74
intent-filter#io.smooch.NOTIFICATION
ADDED from [io.smooch:ui:2.1.3] AndroidManifest.xml:25:13-27:29
action#io.smooch.NOTIFICATION
ADDED from [io.smooch:ui:2.1.3] AndroidManifest.xml:26:17-65
	android:name
		ADDED from [io.smooch:ui:2.1.3] AndroidManifest.xml:26:25-62